#! /usr/share/iverilog-0.9.7/bin/vvp
:ivl_version "0.9.7 " "(v0_9_6)";
:vpi_time_precision - 12;
:vpi_module "system";
:vpi_module "v2005_math";
:vpi_module "va_math";
S_0x147a960 .scope module, "tb" "tb" 2 2;
 .timescale -9 -12;
v0x149dd10_0 .var "clk", 0 0;
v0x149ddb0_0 .var "comp_pos", 3 0;
v0x149de60_0 .var "play", 0 0;
v0x149df10_0 .var "player_pos", 3 0;
v0x149dff0_0 .var "rst", 0 0;
v0x149e0a0_0 .net "who", 0 0, v0x149db20_0; 1 drivers
S_0x147aa50 .scope module, "ins1" "tic_tac_toe" 2 7, 3 2, S_0x147a960;
 .timescale -9 -12;
P_0x147ab48 .param/l "COMPUTER" 3 8, C4<10>;
P_0x147ab70 .param/l "GAME_OVER" 3 8, C4<11>;
P_0x147ab98 .param/l "IDLE" 3 8, C4<00>;
P_0x147abc0 .param/l "PLAYER" 3 8, C4<01>;
v0x1465d40_0 .net "clk", 0 0, v0x149dd10_0; 1 drivers
v0x149d010_0 .var "cnt", 3 0;
v0x149d0b0_0 .net "comp_pos", 3 0, v0x149ddb0_0; 1 drivers
v0x149d150_0 .var/i "i", 31 0;
v0x149d200_0 .var "illegal_move_c", 0 0;
v0x149d2a0_0 .var "illegal_move_p", 0 0;
v0x149d380_0 .var/i "j", 31 0;
v0x149d420_0 .var "next_state", 1 0;
v0x149d510_0 .var "no_space", 0 0;
v0x149d5b0_0 .net "play", 0 0, v0x149de60_0; 1 drivers
v0x149d6b0_0 .net "player_pos", 3 0, v0x149df10_0; 1 drivers
v0x149d750 .array "pos", 8 0, 1 0;
v0x149d960_0 .var "present_state", 1 0;
v0x149da00_0 .net "rst", 0 0, v0x149dff0_0; 1 drivers
v0x149db20_0 .var "who", 0 0;
v0x149dbc0_0 .alias "who1", 0 0, v0x149e0a0_0;
v0x149da80_0 .var "win", 0 0;
E_0x145aef0 .event edge, v0x149d960_0;
E_0x1443a90 .event negedge, v0x1465d40_0;
E_0x1462710 .event posedge, v0x1465d40_0;
E_0x1462b10 .event edge, v0x149d420_0;
E_0x1467240 .event posedge, v0x149da00_0;
v0x149d750_0 .array/port v0x149d750, 0;
v0x149d750_1 .array/port v0x149d750, 1;
v0x149d750_2 .array/port v0x149d750, 2;
E_0x1466bf0/0 .event edge, v0x149d6b0_0, v0x149d750_0, v0x149d750_1, v0x149d750_2;
v0x149d750_3 .array/port v0x149d750, 3;
v0x149d750_4 .array/port v0x149d750, 4;
v0x149d750_5 .array/port v0x149d750, 5;
v0x149d750_6 .array/port v0x149d750, 6;
E_0x1466bf0/1 .event edge, v0x149d750_3, v0x149d750_4, v0x149d750_5, v0x149d750_6;
v0x149d750_7 .array/port v0x149d750, 7;
v0x149d750_8 .array/port v0x149d750, 8;
E_0x1466bf0/2 .event edge, v0x149d750_7, v0x149d750_8, v0x149d0b0_0;
E_0x1466bf0 .event/or E_0x1466bf0/0, E_0x1466bf0/1, E_0x1466bf0/2;
    .scope S_0x147aa50;
T_0 ;
    %wait E_0x1466bf0;
    %load/v 10, v0x149d6b0_0, 4;
    %movi 14, 0, 28;
    %subi 10, 1, 32;
    %ix/get 3, 10, 32;
    %load/av 8, v0x149d750, 2;
    %cmpi/u 8, 0, 2;
    %jmp/0xz  T_0.0, 4;
    %set/v v0x149d2a0_0, 0, 1;
    %jmp T_0.1;
T_0.0 ;
    %set/v v0x149d2a0_0, 1, 1;
T_0.1 ;
    %load/v 10, v0x149d0b0_0, 4;
    %movi 14, 0, 28;
    %subi 10, 1, 32;
    %ix/get 3, 10, 32;
    %load/av 8, v0x149d750, 2;
    %cmpi/u 8, 0, 2;
    %jmp/0xz  T_0.2, 4;
    %set/v v0x149d200_0, 0, 1;
    %jmp T_0.3;
T_0.2 ;
    %set/v v0x149d200_0, 1, 1;
T_0.3 ;
    %jmp T_0;
    .thread T_0, $push;
    .scope S_0x147aa50;
T_1 ;
    %vpi_call 3 37 "$dumpfile", "dump.vcd";
    %vpi_call 3 38 "$dumpvars", 2'sb01, S_0x147aa50;
    %end;
    .thread T_1;
    .scope S_0x147aa50;
T_2 ;
    %wait E_0x1467240;
    %set/v v0x149d510_0, 0, 1;
    %set/v v0x149d960_0, 0, 2;
    %set/v v0x149d010_0, 0, 4;
    %set/v v0x149d150_0, 0, 32;
T_2.0 ;
    %load/v 8, v0x149d150_0, 32;
   %cmpi/s 8, 9, 32;
    %jmp/0xz T_2.1, 5;
    %ix/getv/s 3, v0x149d150_0;
   %jmp/1 t_0, 4;
   %ix/load 1, 0, 0;
   %set/av v0x149d750, 0, 2;
t_0 ;
    %ix/load 0, 1, 0;
    %load/vp0/s 8, v0x149d150_0, 32;
    %set/v v0x149d150_0, 8, 32;
    %jmp T_2.0;
T_2.1 ;
    %jmp T_2;
    .thread T_2;
    .scope S_0x147aa50;
T_3 ;
    %wait E_0x1462b10;
    %set/v v0x149d150_0, 0, 32;
T_3.0 ;
    %load/v 8, v0x149d150_0, 32;
   %cmpi/s 8, 2, 32;
    %or 5, 4, 1;
    %jmp/0xz T_3.1, 5;
    %set/v v0x149d380_0, 0, 32;
T_3.2 ;
    %load/v 8, v0x149d380_0, 32;
   %cmpi/s 8, 2, 32;
    %or 5, 4, 1;
    %jmp/0xz T_3.3, 5;
    %load/v 10, v0x149d150_0, 32;
    %mov 42, 41, 1;
    %mov 43, 41, 1;
    %mov 44, 41, 1;
    %muli 10, 3, 35;
    %load/v 45, v0x149d380_0, 32;
    %mov 77, 76, 1;
    %mov 78, 76, 1;
    %mov 79, 76, 1;
    %add 10, 45, 35;
    %ix/get/s 3, 10, 35;
    %load/av 8, v0x149d750, 2;
    %cmpi/u 8, 0, 2;
    %jmp/1 T_3.4, 6;
    %cmpi/u 8, 1, 2;
    %jmp/1 T_3.5, 6;
    %cmpi/u 8, 2, 2;
    %jmp/1 T_3.6, 6;
    %vpi_call 3 68 "$write", "_ ";
    %jmp T_3.8;
T_3.4 ;
    %vpi_call 3 59 "$write", "_ ";
    %jmp T_3.8;
T_3.5 ;
    %vpi_call 3 62 "$write", "0 ";
    %jmp T_3.8;
T_3.6 ;
    %vpi_call 3 65 "$write", "x ";
    %jmp T_3.8;
T_3.8 ;
    %ix/load 0, 1, 0;
    %load/vp0/s 8, v0x149d380_0, 32;
    %set/v v0x149d380_0, 8, 32;
    %jmp T_3.2;
T_3.3 ;
    %vpi_call 3 71 "$display", "\000";
    %ix/load 0, 1, 0;
    %load/vp0/s 8, v0x149d150_0, 32;
    %set/v v0x149d150_0, 8, 32;
    %jmp T_3.0;
T_3.1 ;
    %vpi_call 3 73 "$display", "\000";
    %load/v 8, v0x149da80_0, 1;
    %load/v 9, v0x149db20_0, 1;
    %inv 9, 1;
    %and 8, 9, 1;
    %jmp/0xz  T_3.9, 8;
    %vpi_call 3 75 "$display", "PLAYER WINS!!!";
    %jmp T_3.10;
T_3.9 ;
    %load/v 8, v0x149da80_0, 1;
    %load/v 9, v0x149db20_0, 1;
    %and 8, 9, 1;
    %jmp/0xz  T_3.11, 8;
    %vpi_call 3 77 "$display", "COMPUTER WINS!!!";
    %jmp T_3.12;
T_3.11 ;
    %load/v 8, v0x149d510_0, 1;
    %jmp/0xz  T_3.13, 8;
    %vpi_call 3 79 "$display", "DRAW!!!";
T_3.13 ;
T_3.12 ;
T_3.10 ;
    %jmp T_3;
    .thread T_3, $push;
    .scope S_0x147aa50;
T_4 ;
    %wait E_0x1462710;
    %load/v 8, v0x149d420_0, 2;
    %set/v v0x149d960_0, 8, 2;
    %jmp T_4;
    .thread T_4;
    .scope S_0x147aa50;
T_5 ;
    %wait E_0x1443a90;
    %load/v 8, v0x149d960_0, 2;
    %cmpi/u 8, 0, 2;
    %jmp/1 T_5.0, 6;
    %cmpi/u 8, 1, 2;
    %jmp/1 T_5.1, 6;
    %cmpi/u 8, 2, 2;
    %jmp/1 T_5.2, 6;
    %cmpi/u 8, 3, 2;
    %jmp/1 T_5.3, 6;
    %jmp T_5.4;
T_5.0 ;
    %load/v 8, v0x149d5b0_0, 1;
    %load/v 9, v0x149da00_0, 1;
    %inv 9, 1;
    %and 8, 9, 1;
    %jmp/0xz  T_5.5, 8;
    %movi 8, 1, 2;
    %set/v v0x149d420_0, 8, 2;
    %jmp T_5.6;
T_5.5 ;
    %load/v 8, v0x149d960_0, 2;
    %set/v v0x149d420_0, 8, 2;
T_5.6 ;
    %jmp T_5.4;
T_5.1 ;
    %vpi_call 3 103 "$display", "Player's Turn";
    %load/v 8, v0x149d2a0_0, 1;
    %inv 8, 1;
    %jmp/0xz  T_5.7, 8;
    %movi 8, 2, 2;
    %set/v v0x149d420_0, 8, 2;
    %movi 8, 1, 2;
    %load/v 10, v0x149d6b0_0, 4;
    %movi 14, 0, 28;
    %subi 10, 1, 32;
    %ix/get 3, 10, 32;
   %jmp/1 t_1, 4;
   %ix/load 1, 0, 0;
   %set/av v0x149d750, 8, 2;
t_1 ;
    %load/v 8, v0x149d010_0, 4;
    %mov 12, 0, 28;
    %addi 8, 1, 32;
    %set/v v0x149d010_0, 8, 4;
    %jmp T_5.8;
T_5.7 ;
    %load/v 8, v0x149d510_0, 1;
    %load/v 9, v0x149da80_0, 1;
    %or 8, 9, 1;
    %jmp/0xz  T_5.9, 8;
    %set/v v0x149d420_0, 1, 2;
    %jmp T_5.10;
T_5.9 ;
    %load/v 8, v0x149d2a0_0, 1;
    %jmp/0xz  T_5.11, 8;
    %load/v 8, v0x149d960_0, 2;
    %set/v v0x149d420_0, 8, 2;
    %vpi_call 3 119 "$display", "Invalid Move, Please try again";
    %jmp T_5.12;
T_5.11 ;
    %load/v 8, v0x149d960_0, 2;
    %set/v v0x149d420_0, 8, 2;
T_5.12 ;
T_5.10 ;
T_5.8 ;
    %jmp T_5.4;
T_5.2 ;
    %vpi_call 3 127 "$display", "Computer's Turn";
    %load/v 8, v0x149d200_0, 1;
    %inv 8, 1;
    %jmp/0xz  T_5.13, 8;
    %movi 8, 1, 2;
    %set/v v0x149d420_0, 8, 2;
    %movi 8, 2, 2;
    %load/v 10, v0x149d0b0_0, 4;
    %movi 14, 0, 28;
    %subi 10, 1, 32;
    %ix/get 3, 10, 32;
   %jmp/1 t_2, 4;
   %ix/load 1, 0, 0;
   %set/av v0x149d750, 8, 2;
t_2 ;
    %load/v 8, v0x149d010_0, 4;
    %mov 12, 0, 28;
    %addi 8, 1, 32;
    %set/v v0x149d010_0, 8, 4;
    %jmp T_5.14;
T_5.13 ;
    %load/v 8, v0x149d510_0, 1;
    %load/v 9, v0x149da80_0, 1;
    %or 8, 9, 1;
    %jmp/0xz  T_5.15, 8;
    %set/v v0x149d420_0, 1, 2;
    %jmp T_5.16;
T_5.15 ;
    %load/v 8, v0x149d200_0, 1;
    %jmp/0xz  T_5.17, 8;
    %load/v 8, v0x149d960_0, 2;
    %set/v v0x149d420_0, 8, 2;
    %vpi_call 3 142 "$display", "Invalid Move, Please try again";
    %jmp T_5.18;
T_5.17 ;
    %load/v 8, v0x149d960_0, 2;
    %set/v v0x149d420_0, 8, 2;
T_5.18 ;
T_5.16 ;
T_5.14 ;
    %jmp T_5.4;
T_5.3 ;
    %load/v 8, v0x149da00_0, 1;
    %inv 8, 1;
    %jmp/0xz  T_5.19, 8;
    %load/v 8, v0x149d960_0, 2;
    %set/v v0x149d420_0, 8, 2;
    %jmp T_5.20;
T_5.19 ;
    %set/v v0x149d420_0, 0, 2;
T_5.20 ;
    %jmp T_5.4;
T_5.4 ;
    %jmp T_5;
    .thread T_5;
    .scope S_0x147aa50;
T_6 ;
    %wait E_0x145aef0;
    %load/v 8, v0x149d010_0, 4;
    %mov 12, 0, 2;
    %cmpi/u 8, 9, 6;
    %jmp/0xz  T_6.0, 4;
    %set/v v0x149d510_0, 1, 1;
    %jmp T_6.1;
T_6.0 ;
    %set/v v0x149d510_0, 0, 1;
T_6.1 ;
    %jmp T_6;
    .thread T_6, $push;
    .scope S_0x147aa50;
T_7 ;
    %wait E_0x145aef0;
    %ix/load 3, 0, 0;
    %mov 4, 0, 1;
    %load/av 8, v0x149d750, 2;
    %cmpi/u 8, 1, 2;
    %mov 8, 4, 1;
    %ix/load 3, 1, 0;
    %mov 4, 0, 1;
    %load/av 9, v0x149d750, 2;
    %cmpi/u 9, 1, 2;
    %mov 9, 4, 1;
    %and 8, 9, 1;
    %ix/load 3, 2, 0;
    %mov 4, 0, 1;
    %load/av 9, v0x149d750, 2;
    %cmpi/u 9, 1, 2;
    %mov 9, 4, 1;
    %and 8, 9, 1;
    %jmp/0xz  T_7.0, 8;
    %set/v v0x149da80_0, 1, 1;
    %set/v v0x149db20_0, 0, 1;
    %jmp T_7.1;
T_7.0 ;
    %ix/load 3, 0, 0;
    %mov 4, 0, 1;
    %load/av 8, v0x149d750, 2;
    %cmpi/u 8, 1, 2;
    %mov 8, 4, 1;
    %ix/load 3, 3, 0;
    %mov 4, 0, 1;
    %load/av 9, v0x149d750, 2;
    %cmpi/u 9, 1, 2;
    %mov 9, 4, 1;
    %and 8, 9, 1;
    %ix/load 3, 6, 0;
    %mov 4, 0, 1;
    %load/av 9, v0x149d750, 2;
    %cmpi/u 9, 1, 2;
    %mov 9, 4, 1;
    %and 8, 9, 1;
    %jmp/0xz  T_7.2, 8;
    %set/v v0x149da80_0, 1, 1;
    %set/v v0x149db20_0, 0, 1;
    %jmp T_7.3;
T_7.2 ;
    %ix/load 3, 0, 0;
    %mov 4, 0, 1;
    %load/av 8, v0x149d750, 2;
    %cmpi/u 8, 1, 2;
    %mov 8, 4, 1;
    %ix/load 3, 4, 0;
    %mov 4, 0, 1;
    %load/av 9, v0x149d750, 2;
    %cmpi/u 9, 1, 2;
    %mov 9, 4, 1;
    %and 8, 9, 1;
    %ix/load 3, 8, 0;
    %mov 4, 0, 1;
    %load/av 9, v0x149d750, 2;
    %cmpi/u 9, 1, 2;
    %mov 9, 4, 1;
    %and 8, 9, 1;
    %jmp/0xz  T_7.4, 8;
    %set/v v0x149da80_0, 1, 1;
    %set/v v0x149db20_0, 0, 1;
    %jmp T_7.5;
T_7.4 ;
    %ix/load 3, 1, 0;
    %mov 4, 0, 1;
    %load/av 8, v0x149d750, 2;
    %cmpi/u 8, 1, 2;
    %mov 8, 4, 1;
    %ix/load 3, 4, 0;
    %mov 4, 0, 1;
    %load/av 9, v0x149d750, 2;
    %cmpi/u 9, 1, 2;
    %mov 9, 4, 1;
    %and 8, 9, 1;
    %ix/load 3, 7, 0;
    %mov 4, 0, 1;
    %load/av 9, v0x149d750, 2;
    %cmpi/u 9, 1, 2;
    %mov 9, 4, 1;
    %and 8, 9, 1;
    %jmp/0xz  T_7.6, 8;
    %set/v v0x149da80_0, 1, 1;
    %set/v v0x149db20_0, 0, 1;
    %jmp T_7.7;
T_7.6 ;
    %ix/load 3, 2, 0;
    %mov 4, 0, 1;
    %load/av 8, v0x149d750, 2;
    %cmpi/u 8, 1, 2;
    %mov 8, 4, 1;
    %ix/load 3, 5, 0;
    %mov 4, 0, 1;
    %load/av 9, v0x149d750, 2;
    %cmpi/u 9, 1, 2;
    %mov 9, 4, 1;
    %and 8, 9, 1;
    %ix/load 3, 8, 0;
    %mov 4, 0, 1;
    %load/av 9, v0x149d750, 2;
    %cmpi/u 9, 1, 2;
    %mov 9, 4, 1;
    %and 8, 9, 1;
    %jmp/0xz  T_7.8, 8;
    %set/v v0x149da80_0, 1, 1;
    %set/v v0x149db20_0, 0, 1;
    %jmp T_7.9;
T_7.8 ;
    %ix/load 3, 3, 0;
    %mov 4, 0, 1;
    %load/av 8, v0x149d750, 2;
    %cmpi/u 8, 1, 2;
    %mov 8, 4, 1;
    %ix/load 3, 4, 0;
    %mov 4, 0, 1;
    %load/av 9, v0x149d750, 2;
    %cmpi/u 9, 1, 2;
    %mov 9, 4, 1;
    %and 8, 9, 1;
    %ix/load 3, 5, 0;
    %mov 4, 0, 1;
    %load/av 9, v0x149d750, 2;
    %cmpi/u 9, 1, 2;
    %mov 9, 4, 1;
    %and 8, 9, 1;
    %jmp/0xz  T_7.10, 8;
    %set/v v0x149da80_0, 1, 1;
    %set/v v0x149db20_0, 0, 1;
    %jmp T_7.11;
T_7.10 ;
    %ix/load 3, 6, 0;
    %mov 4, 0, 1;
    %load/av 8, v0x149d750, 2;
    %cmpi/u 8, 1, 2;
    %mov 8, 4, 1;
    %ix/load 3, 7, 0;
    %mov 4, 0, 1;
    %load/av 9, v0x149d750, 2;
    %cmpi/u 9, 1, 2;
    %mov 9, 4, 1;
    %and 8, 9, 1;
    %ix/load 3, 8, 0;
    %mov 4, 0, 1;
    %load/av 9, v0x149d750, 2;
    %cmpi/u 9, 1, 2;
    %mov 9, 4, 1;
    %and 8, 9, 1;
    %jmp/0xz  T_7.12, 8;
    %set/v v0x149da80_0, 1, 1;
    %set/v v0x149db20_0, 0, 1;
    %jmp T_7.13;
T_7.12 ;
    %ix/load 3, 2, 0;
    %mov 4, 0, 1;
    %load/av 8, v0x149d750, 2;
    %cmpi/u 8, 1, 2;
    %mov 8, 4, 1;
    %ix/load 3, 4, 0;
    %mov 4, 0, 1;
    %load/av 9, v0x149d750, 2;
    %cmpi/u 9, 1, 2;
    %mov 9, 4, 1;
    %and 8, 9, 1;
    %ix/load 3, 6, 0;
    %mov 4, 0, 1;
    %load/av 9, v0x149d750, 2;
    %cmpi/u 9, 1, 2;
    %mov 9, 4, 1;
    %and 8, 9, 1;
    %jmp/0xz  T_7.14, 8;
    %set/v v0x149da80_0, 1, 1;
    %set/v v0x149db20_0, 0, 1;
T_7.14 ;
T_7.13 ;
T_7.11 ;
T_7.9 ;
T_7.7 ;
T_7.5 ;
T_7.3 ;
T_7.1 ;
    %ix/load 3, 0, 0;
    %mov 4, 0, 1;
    %load/av 8, v0x149d750, 2;
    %cmpi/u 8, 2, 2;
    %mov 8, 4, 1;
    %ix/load 3, 1, 0;
    %mov 4, 0, 1;
    %load/av 9, v0x149d750, 2;
    %cmpi/u 9, 2, 2;
    %mov 9, 4, 1;
    %and 8, 9, 1;
    %ix/load 3, 2, 0;
    %mov 4, 0, 1;
    %load/av 9, v0x149d750, 2;
    %cmpi/u 9, 2, 2;
    %mov 9, 4, 1;
    %and 8, 9, 1;
    %jmp/0xz  T_7.16, 8;
    %set/v v0x149da80_0, 1, 1;
    %set/v v0x149db20_0, 1, 1;
    %jmp T_7.17;
T_7.16 ;
    %ix/load 3, 0, 0;
    %mov 4, 0, 1;
    %load/av 8, v0x149d750, 2;
    %cmpi/u 8, 2, 2;
    %mov 8, 4, 1;
    %ix/load 3, 3, 0;
    %mov 4, 0, 1;
    %load/av 9, v0x149d750, 2;
    %cmpi/u 9, 2, 2;
    %mov 9, 4, 1;
    %and 8, 9, 1;
    %ix/load 3, 6, 0;
    %mov 4, 0, 1;
    %load/av 9, v0x149d750, 2;
    %cmpi/u 9, 2, 2;
    %mov 9, 4, 1;
    %and 8, 9, 1;
    %jmp/0xz  T_7.18, 8;
    %set/v v0x149da80_0, 1, 1;
    %set/v v0x149db20_0, 1, 1;
    %jmp T_7.19;
T_7.18 ;
    %ix/load 3, 0, 0;
    %mov 4, 0, 1;
    %load/av 8, v0x149d750, 2;
    %cmpi/u 8, 2, 2;
    %mov 8, 4, 1;
    %ix/load 3, 4, 0;
    %mov 4, 0, 1;
    %load/av 9, v0x149d750, 2;
    %cmpi/u 9, 2, 2;
    %mov 9, 4, 1;
    %and 8, 9, 1;
    %ix/load 3, 8, 0;
    %mov 4, 0, 1;
    %load/av 9, v0x149d750, 2;
    %cmpi/u 9, 2, 2;
    %mov 9, 4, 1;
    %and 8, 9, 1;
    %jmp/0xz  T_7.20, 8;
    %set/v v0x149da80_0, 1, 1;
    %set/v v0x149db20_0, 1, 1;
    %jmp T_7.21;
T_7.20 ;
    %ix/load 3, 1, 0;
    %mov 4, 0, 1;
    %load/av 8, v0x149d750, 2;
    %cmpi/u 8, 2, 2;
    %mov 8, 4, 1;
    %ix/load 3, 4, 0;
    %mov 4, 0, 1;
    %load/av 9, v0x149d750, 2;
    %cmpi/u 9, 2, 2;
    %mov 9, 4, 1;
    %and 8, 9, 1;
    %ix/load 3, 7, 0;
    %mov 4, 0, 1;
    %load/av 9, v0x149d750, 2;
    %cmpi/u 9, 2, 2;
    %mov 9, 4, 1;
    %and 8, 9, 1;
    %jmp/0xz  T_7.22, 8;
    %set/v v0x149da80_0, 1, 1;
    %set/v v0x149db20_0, 1, 1;
    %jmp T_7.23;
T_7.22 ;
    %ix/load 3, 2, 0;
    %mov 4, 0, 1;
    %load/av 8, v0x149d750, 2;
    %cmpi/u 8, 2, 2;
    %mov 8, 4, 1;
    %ix/load 3, 5, 0;
    %mov 4, 0, 1;
    %load/av 9, v0x149d750, 2;
    %cmpi/u 9, 2, 2;
    %mov 9, 4, 1;
    %and 8, 9, 1;
    %ix/load 3, 8, 0;
    %mov 4, 0, 1;
    %load/av 9, v0x149d750, 2;
    %cmpi/u 9, 2, 2;
    %mov 9, 4, 1;
    %and 8, 9, 1;
    %jmp/0xz  T_7.24, 8;
    %set/v v0x149da80_0, 1, 1;
    %set/v v0x149db20_0, 1, 1;
    %jmp T_7.25;
T_7.24 ;
    %ix/load 3, 3, 0;
    %mov 4, 0, 1;
    %load/av 8, v0x149d750, 2;
    %cmpi/u 8, 2, 2;
    %mov 8, 4, 1;
    %ix/load 3, 4, 0;
    %mov 4, 0, 1;
    %load/av 9, v0x149d750, 2;
    %cmpi/u 9, 2, 2;
    %mov 9, 4, 1;
    %and 8, 9, 1;
    %ix/load 3, 5, 0;
    %mov 4, 0, 1;
    %load/av 9, v0x149d750, 2;
    %cmpi/u 9, 2, 2;
    %mov 9, 4, 1;
    %and 8, 9, 1;
    %jmp/0xz  T_7.26, 8;
    %set/v v0x149da80_0, 1, 1;
    %set/v v0x149db20_0, 1, 1;
    %jmp T_7.27;
T_7.26 ;
    %ix/load 3, 6, 0;
    %mov 4, 0, 1;
    %load/av 8, v0x149d750, 2;
    %cmpi/u 8, 2, 2;
    %mov 8, 4, 1;
    %ix/load 3, 7, 0;
    %mov 4, 0, 1;
    %load/av 9, v0x149d750, 2;
    %cmpi/u 9, 2, 2;
    %mov 9, 4, 1;
    %and 8, 9, 1;
    %ix/load 3, 8, 0;
    %mov 4, 0, 1;
    %load/av 9, v0x149d750, 2;
    %cmpi/u 9, 2, 2;
    %mov 9, 4, 1;
    %and 8, 9, 1;
    %jmp/0xz  T_7.28, 8;
    %set/v v0x149da80_0, 1, 1;
    %set/v v0x149db20_0, 1, 1;
    %jmp T_7.29;
T_7.28 ;
    %ix/load 3, 2, 0;
    %mov 4, 0, 1;
    %load/av 8, v0x149d750, 2;
    %cmpi/u 8, 2, 2;
    %mov 8, 4, 1;
    %ix/load 3, 4, 0;
    %mov 4, 0, 1;
    %load/av 9, v0x149d750, 2;
    %cmpi/u 9, 2, 2;
    %mov 9, 4, 1;
    %and 8, 9, 1;
    %ix/load 3, 6, 0;
    %mov 4, 0, 1;
    %load/av 9, v0x149d750, 2;
    %cmpi/u 9, 2, 2;
    %mov 9, 4, 1;
    %and 8, 9, 1;
    %jmp/0xz  T_7.30, 8;
    %set/v v0x149da80_0, 1, 1;
    %set/v v0x149db20_0, 1, 1;
T_7.30 ;
T_7.29 ;
T_7.27 ;
T_7.25 ;
T_7.23 ;
T_7.21 ;
T_7.19 ;
T_7.17 ;
    %jmp T_7;
    .thread T_7, $push;
    .scope S_0x147a960;
T_8 ;
    %delay 5000, 0;
    %load/v 8, v0x149dd10_0, 1;
    %inv 8, 1;
    %set/v v0x149dd10_0, 8, 1;
    %jmp T_8;
    .thread T_8;
    .scope S_0x147a960;
T_9 ;
    %set/v v0x149dff0_0, 0, 1;
    %delay 10000, 0;
    %set/v v0x149dff0_0, 1, 1;
    %set/v v0x149dd10_0, 0, 1;
    %delay 50000, 0;
    %set/v v0x149dff0_0, 0, 1;
    %delay 30000, 0;
    %set/v v0x149de60_0, 1, 1;
    %delay 10000, 0;
    %set/v v0x149de60_0, 0, 1;
    %movi 8, 5, 4;
    %set/v v0x149df10_0, 8, 4;
    %delay 10000, 0;
    %movi 8, 1, 4;
    %set/v v0x149ddb0_0, 8, 4;
    %delay 10000, 0;
    %movi 8, 7, 4;
    %set/v v0x149df10_0, 8, 4;
    %delay 10000, 0;
    %movi 8, 3, 4;
    %set/v v0x149ddb0_0, 8, 4;
    %delay 10000, 0;
    %movi 8, 2, 4;
    %set/v v0x149df10_0, 8, 4;
    %delay 10000, 0;
    %movi 8, 8, 4;
    %set/v v0x149ddb0_0, 8, 4;
    %delay 10000, 0;
    %movi 8, 9, 4;
    %set/v v0x149df10_0, 8, 4;
    %delay 10000, 0;
    %movi 8, 4, 4;
    %set/v v0x149ddb0_0, 8, 4;
    %delay 10000, 0;
    %movi 8, 6, 4;
    %set/v v0x149df10_0, 8, 4;
    %delay 10000, 0;
    %vpi_call 2 56 "$finish";
    %end;
    .thread T_9;
# The file index is used to find the file name in the following table.
:file_names 4;
    "N/A";
    "<interactive>";
    "testbench.sv";
    "design.sv";
